times:
0:	0.0
1:	0.0001
2:	0.0002
3:	0.0003
4:	0.0004
5:	0.0005
6:	0.0006
7:	0.0007
8:	0.0008
9:	0.0009

neuron #0

var 'v'
0:	0.0028
1:	0.00292513
2:	0.00093891
3:	0.00062625
4:	0.00046992
5:	0.00037613
6:	0.0003136
7:	0.00026893
8:	0.00023543
9:	0.0

var 'k'
0:	1.0
1:	0.99899997
2:	1.99700107
3:	2.99400424
4:	3.99001026
5:	4.98502016
6:	5.97903537
7:	6.97205638
8:	7.96408414
9:	8.95512008

neuron #1

var 'v'
0:	0.0
1:	-93.59170532
2:	-128.41487121
3:	-47.91243743
4:	-17.84520339
5:	-6.63413333
6:	-2.46094846
7:	-0.91015777
8:	-0.3348478
9:	-0.12178303

var 'k'
0:	1.0
1:	0.99899997
2:	0.998001
3:	0.99700298
4:	0.99600601
5:	0.99500999
6:	0.99401502
7:	0.99302101
8:	0.99202804
9:	0.99103603
